-------------------------------------------------------------------------------
Test set: services.AdministratorServiceTest
-------------------------------------------------------------------------------
Tests run: 1, Failures: 0, Errors: 1, Skipped: 0, Time elapsed: 0 s <<< FAILURE! - in services.AdministratorServiceTest
initializationError(services.AdministratorServiceTest)  Time elapsed: 0 s  <<< ERROR!
java.lang.Exception: No runnable methods

