-------------------------------------------------------------------------------
Test set: services.ConfigurationServiceTest
-------------------------------------------------------------------------------
Tests run: 1, Failures: 0, Errors: 1, Skipped: 0, Time elapsed: 0 s <<< FAILURE! - in services.ConfigurationServiceTest
initializationError(services.ConfigurationServiceTest)  Time elapsed: 0 s  <<< ERROR!
java.lang.Exception: No runnable methods

