-------------------------------------------------------------------------------
Test set: services.PersonalRecordServiceTest
-------------------------------------------------------------------------------
Tests run: 1, Failures: 0, Errors: 1, Skipped: 0, Time elapsed: 0.016 s <<< FAILURE! - in services.PersonalRecordServiceTest
initializationError(services.PersonalRecordServiceTest)  Time elapsed: 0.016 s  <<< ERROR!
java.lang.Exception: No runnable methods

