-------------------------------------------------------------------------------
Test set: services.WarrantyServiceTest
-------------------------------------------------------------------------------
Tests run: 1, Failures: 0, Errors: 1, Skipped: 0, Time elapsed: 0.516 s <<< FAILURE! - in services.WarrantyServiceTest
initializationError(services.WarrantyServiceTest)  Time elapsed: 0 s  <<< ERROR!
java.lang.Exception: No runnable methods

