-------------------------------------------------------------------------------
Test set: services.RefereeServiceTest
-------------------------------------------------------------------------------
Tests run: 1, Failures: 0, Errors: 1, Skipped: 0, Time elapsed: 0 s <<< FAILURE! - in services.RefereeServiceTest
initializationError(services.RefereeServiceTest)  Time elapsed: 0 s  <<< ERROR!
java.lang.Exception: No runnable methods

