-------------------------------------------------------------------------------
Test set: services.HandyWorkerServiceTest
-------------------------------------------------------------------------------
Tests run: 1, Failures: 0, Errors: 1, Skipped: 0, Time elapsed: 0 s <<< FAILURE! - in services.HandyWorkerServiceTest
initializationError(services.HandyWorkerServiceTest)  Time elapsed: 0 s  <<< ERROR!
java.lang.Exception: No runnable methods

